<?xml version="1.0" encoding="UTF-8"?>
<testng-results ignored="0" total="2" passed="2" failed="0" skipped="0">
  <reporter-output>
  </reporter-output>
  <suite started-at="2024-01-18T17:01:04 IST" name="Default suite" finished-at="2024-01-18T17:01:04 IST" duration-ms="46">
    <groups>
    </groups>
    <test started-at="2024-01-18T17:01:04 IST" name="Default test" finished-at="2024-01-18T17:01:04 IST" duration-ms="46">
      <class name="DatabaseTest">
        <test-method signature="deleteEntry()[pri:0, instance:DatabaseTest@25fb8912]" started-at="2024-01-18T17:01:04 IST" name="deleteEntry" finished-at="2024-01-18T17:01:04 IST" duration-ms="7" status="PASS">
          <reporter-output>
          </reporter-output>
        </test-method> <!-- deleteEntry -->
        <test-method signature="postJira()[pri:0, instance:DatabaseTest@25fb8912]" started-at="2024-01-18T17:01:04 IST" name="postJira" finished-at="2024-01-18T17:01:04 IST" duration-ms="1" status="PASS">
          <reporter-output>
          </reporter-output>
        </test-method> <!-- postJira -->
      </class> <!-- DatabaseTest -->
    </test> <!-- Default test -->
  </suite> <!-- Default suite -->
</testng-results>
